<?xml version="1.0" encoding="UTF-8"?>
<!-- Generated by org.testng.reporters.JUnitReportReporter -->
<testsuite hostname="ASIA31064" failures="0" tests="1" name="com.Testcases.FirstTestCase" time="0.008" errors="0" timestamp="2022-11-23T09:02:17 IST" skipped="0">
  <testcase classname="com.Testcases.FirstTestCase" name="TestCase" time="0.008"/>
  <system-out/>
</testsuite> <!-- com.Testcases.FirstTestCase -->
