<?xml version="1.0" encoding="UTF-8"?>
<!-- Generated by org.testng.reporters.JUnitReportReporter -->
<testsuite hostname="ASIA31064" failures="0" tests="1" name="com.Testcases.SecondTestcase" time="0.001" errors="0" timestamp="2022-11-23T09:02:17 IST" skipped="0">
  <testcase classname="com.Testcases.SecondTestcase" name="testcasesecond" time="0.001"/>
  <system-out/>
</testsuite> <!-- com.Testcases.SecondTestcase -->
